<?xml version="1.0" encoding="UTF-8"?>
<testng-results ignored="0" total="3" passed="3" failed="0" skipped="0">
  <reporter-output>
  </reporter-output>
  <suite started-at="2023-09-19T06:58:24 UTC" name="Surefire suite" finished-at="2023-09-19T06:58:56 UTC" duration-ms="31904">
    <groups>
    </groups>
    <test started-at="2023-09-19T06:58:24 UTC" name="Surefire test" finished-at="2023-09-19T06:58:56 UTC" duration-ms="31904">
      <class name="runner.Testcase1">
        <test-method is-config="true" signature="beforeMethod()[pri:0, instance:runner.Testcase1@60099951]" started-at="2023-09-19T06:58:24 UTC" name="beforeMethod" finished-at="2023-09-19T06:58:27 UTC" duration-ms="3528" status="PASS">
          <reporter-output>
          </reporter-output>
        </test-method> <!-- beforeMethod -->
        <test-method signature="TC_001()[pri:1, instance:runner.Testcase1@60099951]" started-at="2023-09-19T06:58:27 UTC" name="TC_001" finished-at="2023-09-19T06:58:34 UTC" duration-ms="6266" status="PASS">
          <reporter-output>
          </reporter-output>
        </test-method> <!-- TC_001 -->
        <test-method is-config="true" signature="afterMethod()[pri:0, instance:runner.Testcase1@60099951]" started-at="2023-09-19T06:58:34 UTC" name="afterMethod" finished-at="2023-09-19T06:58:34 UTC" duration-ms="438" status="PASS">
          <reporter-output>
          </reporter-output>
        </test-method> <!-- afterMethod -->
        <test-method is-config="true" signature="beforeMethod()[pri:0, instance:runner.Testcase1@60099951]" started-at="2023-09-19T06:58:34 UTC" name="beforeMethod" finished-at="2023-09-19T06:58:36 UTC" duration-ms="2201" status="PASS">
          <reporter-output>
          </reporter-output>
        </test-method> <!-- beforeMethod -->
        <test-method signature="TC_002()[pri:2, instance:runner.Testcase1@60099951]" started-at="2023-09-19T06:58:36 UTC" name="TC_002" finished-at="2023-09-19T06:58:45 UTC" duration-ms="9039" status="PASS">
          <reporter-output>
          </reporter-output>
        </test-method> <!-- TC_002 -->
        <test-method is-config="true" signature="afterMethod()[pri:0, instance:runner.Testcase1@60099951]" started-at="2023-09-19T06:58:45 UTC" name="afterMethod" finished-at="2023-09-19T06:58:45 UTC" duration-ms="178" status="PASS">
          <reporter-output>
          </reporter-output>
        </test-method> <!-- afterMethod -->
        <test-method is-config="true" signature="beforeMethod()[pri:0, instance:runner.Testcase1@60099951]" started-at="2023-09-19T06:58:45 UTC" name="beforeMethod" finished-at="2023-09-19T06:58:48 UTC" duration-ms="2296" status="PASS">
          <reporter-output>
          </reporter-output>
        </test-method> <!-- beforeMethod -->
        <test-method signature="TC_003()[pri:3, instance:runner.Testcase1@60099951]" started-at="2023-09-19T06:58:48 UTC" name="TC_003" finished-at="2023-09-19T06:58:55 UTC" duration-ms="7743" status="PASS">
          <reporter-output>
          </reporter-output>
        </test-method> <!-- TC_003 -->
        <test-method is-config="true" signature="afterMethod()[pri:0, instance:runner.Testcase1@60099951]" started-at="2023-09-19T06:58:55 UTC" name="afterMethod" finished-at="2023-09-19T06:58:56 UTC" duration-ms="141" status="PASS">
          <reporter-output>
          </reporter-output>
        </test-method> <!-- afterMethod -->
      </class> <!-- runner.Testcase1 -->
    </test> <!-- Surefire test -->
  </suite> <!-- Surefire suite -->
</testng-results>
